CloudKibo/app/build/outputs/logs/manifest-merger-release-report.txt
-- Merging decision tree log ---
manifest
ADDED from src/main/AndroidManifest.xml:2:1-224:12
	android:hardwareAccelerated
		ADDED from src/main/AndroidManifest.xml:4:5-39
	xmlns:android
		ADDED from src/main/AndroidManifest.xml:2:11-69
	package
		ADDED from src/main/AndroidManifest.xml:3:5-28
		INJECTED from src/main/AndroidManifest.xml
		INJECTED from src/main/AndroidManifest.xml
	android:versionName
		ADDED from src/main/AndroidManifest.xml:6:5-30
	android:versionCode
		ADDED from src/main/AndroidManifest.xml:5:5-28
		INJECTED from src/main/AndroidManifest.xml
		INJECTED from src/main/AndroidManifest.xml
uses-sdk
ADDED from src/main/AndroidManifest.xml:8:5-10:41
MERGED from [com.android.support:support-v4:22.1.0] AndroidManifest.xml:20:5-43
MERGED from [io.pristine:libjingle:8871] AndroidManifest.xml:7:5-9:41
MERGED from [com.facebook.android:facebook-android-sdk:4.0.0] AndroidManifest.xml:24:5-26:41
MERGED from [com.android.support:support-v4:22.1.0] AndroidManifest.xml:20:5-43
MERGED from [com.google.android.gms:play-services:6.5.87] AndroidManifest.xml:18:5-42
MERGED from [com.android.support:support-v4:22.1.0] AndroidManifest.xml:20:5-43
	android:targetSdkVersion
		ADDED from src/main/AndroidManifest.xml:10:9-38
		INJECTED from src/main/AndroidManifest.xml
		INJECTED from src/main/AndroidManifest.xml
	android:minSdkVersion
		ADDED from src/main/AndroidManifest.xml:9:9-35
		INJECTED from src/main/AndroidManifest.xml
		INJECTED from src/main/AndroidManifest.xml
uses-feature#android.hardware.camera
ADDED from src/main/AndroidManifest.xml:13:5-60
	android:name
		ADDED from src/main/AndroidManifest.xml:13:19-57
uses-feature#android.hardware.camera.autofocus
ADDED from src/main/AndroidManifest.xml:14:5-70
	android:name
		ADDED from src/main/AndroidManifest.xml:14:19-67
uses-feature#0x00020000
ADDED from src/main/AndroidManifest.xml:15:5-17:35
	android:required
		ADDED from src/main/AndroidManifest.xml:17:9-32
	android:glEsVersion
		ADDED from src/main/AndroidManifest.xml:16:9-41
uses-permission#android.permission.CAMERA
ADDED from src/main/AndroidManifest.xml:20:5-65
	android:name
		ADDED from src/main/AndroidManifest.xml:20:22-62
uses-permission#android.permission.MODIFY_AUDIO_SETTINGS
ADDED from src/main/AndroidManifest.xml:21:5-80
	android:name
		ADDED from src/main/AndroidManifest.xml:21:22-77
uses-permission#android.permission.RECORD_AUDIO
ADDED from src/main/AndroidManifest.xml:22:5-71
	android:name
		ADDED from src/main/AndroidManifest.xml:22:22-68
uses-permission#android.permission.INTERNET
ADDED from src/main/AndroidManifest.xml:23:5-67
	android:name
		ADDED from src/main/AndroidManifest.xml:23:22-64
uses-permission#android.permission.ACCESS_NETWORK_STATE
ADDED from src/main/AndroidManifest.xml:24:5-79
	android:name
		ADDED from src/main/AndroidManifest.xml:24:22-76
uses-permission#android.permission.WAKE_LOCK
ADDED from src/main/AndroidManifest.xml:25:5-68
	android:name
		ADDED from src/main/AndroidManifest.xml:25:22-65
uses-permission#android.permission.WRITE_EXTERNAL_STORAGE
ADDED from src/main/AndroidManifest.xml:26:5-81
	android:name
		ADDED from src/main/AndroidManifest.xml:26:22-78
uses-permission#android.permission.READ_EXTERNAL_STORAGE
ADDED from src/main/AndroidManifest.xml:27:5-80
	android:name
		ADDED from src/main/AndroidManifest.xml:27:22-77
uses-permission#android.permission.USE_CREDENTIALS
ADDED from src/main/AndroidManifest.xml:28:5-74
	android:name
		ADDED from src/main/AndroidManifest.xml:28:22-71
uses-permission#android.permission.GET_ACCOUNTS
ADDED from src/main/AndroidManifest.xml:29:5-71
	android:name
		ADDED from src/main/AndroidManifest.xml:29:22-68
uses-permission#android.permission.MANAGE_ACCOUNTS
ADDED from src/main/AndroidManifest.xml:30:5-74
	android:name
		ADDED from src/main/AndroidManifest.xml:30:22-71
uses-permission#android.permission.AUTHENTICATE_ACCOUNTS
ADDED from src/main/AndroidManifest.xml:33:5-80
	android:name
		ADDED from src/main/AndroidManifest.xml:33:22-77
uses-permission#android.permission.WRITE_SYNC_SETTINGS
ADDED from src/main/AndroidManifest.xml:36:5-78
	android:name
		ADDED from src/main/AndroidManifest.xml:36:22-75
uses-permission#android.permission.READ_SYNC_SETTINGS
ADDED from src/main/AndroidManifest.xml:37:5-77
	android:name
		ADDED from src/main/AndroidManifest.xml:37:22-74
uses-permission#android.permission.READ_SYNC_STATS
ADDED from src/main/AndroidManifest.xml:38:5-74
	android:name
		ADDED from src/main/AndroidManifest.xml:38:22-71
uses-permission#android.permission.RECEIVE_BOOT_COMPLETED
ADDED from src/main/AndroidManifest.xml:39:5-81
	android:name
		ADDED from src/main/AndroidManifest.xml:39:22-78
uses-permission#android.permission.GET_TASKS
ADDED from src/main/AndroidManifest.xml:40:5-68
	android:name
		ADDED from src/main/AndroidManifest.xml:40:22-65
uses-permission#android.permission.READ_CONTACTS
ADDED from src/main/AndroidManifest.xml:41:5-72
	android:name
		ADDED from src/main/AndroidManifest.xml:41:22-69
uses-permission#android.permission.WRITE_CONTACTS
ADDED from src/main/AndroidManifest.xml:42:5-73
	android:name
		ADDED from src/main/AndroidManifest.xml:42:22-70
android:uses-permission#android.permission.READ_PHONE_STATE
ADDED from src/main/AndroidManifest.xml:44:5-83
	android:name
		ADDED from src/main/AndroidManifest.xml:44:30-80
application
ADDED from src/main/AndroidManifest.xml:46:5-222:19
MERGED from [com.android.support:support-v4:22.1.0] AndroidManifest.xml:22:5-20
MERGED from [io.pristine:libjingle:8871] AndroidManifest.xml:11:5-12:19
MERGED from [com.facebook.android:facebook-android-sdk:4.0.0] AndroidManifest.xml:28:5-20
MERGED from [com.android.support:support-v4:22.1.0] AndroidManifest.xml:22:5-20
MERGED from [com.google.android.gms:play-services:6.5.87] AndroidManifest.xml:20:5-24:19
MERGED from [com.android.support:support-v4:22.1.0] AndroidManifest.xml:22:5-20
	android:label
		ADDED from src/main/AndroidManifest.xml:50:9-41
	android:allowBackup
		ADDED from src/main/AndroidManifest.xml:47:9-35
	android:icon
		ADDED from src/main/AndroidManifest.xml:49:9-45
	android:theme
		ADDED from src/main/AndroidManifest.xml:51:9-40
	android:hardwareAccelerated
		ADDED from src/main/AndroidManifest.xml:48:9-43
meta-data#com.facebook.sdk.ApplicationId
ADDED from src/main/AndroidManifest.xml:52:9-54:55
	android:name
		ADDED from src/main/AndroidManifest.xml:53:13-58
	android:value
		ADDED from src/main/AndroidManifest.xml:54:13-52
activity#com.cloudkibo.SplashScreen
ADDED from src/main/AndroidManifest.xml:56:9-77:20
	android:windowSoftInputMode
		ADDED from src/main/AndroidManifest.xml:61:13-54
	android:screenOrientation
		ADDED from src/main/AndroidManifest.xml:59:13-49
	android:label
		ADDED from src/main/AndroidManifest.xml:58:13-45
	android:theme
		ADDED from src/main/AndroidManifest.xml:60:13-77
	android:name
		ADDED from src/main/AndroidManifest.xml:57:13-41
intent-filter#android.intent.action.MAIN+android.intent.category.LAUNCHER
ADDED from src/main/AndroidManifest.xml:62:13-66:29
action#android.intent.action.MAIN
ADDED from src/main/AndroidManifest.xml:63:17-69
	android:name
		ADDED from src/main/AndroidManifest.xml:63:25-66
category#android.intent.category.LAUNCHER
ADDED from src/main/AndroidManifest.xml:65:17-77
	android:name
		ADDED from src/main/AndroidManifest.xml:65:27-74
intent-filter#android.intent.action.VIEW+android.intent.category.BROWSABLE+android.intent.category.DEFAULT
ADDED from src/main/AndroidManifest.xml:67:13-76:29
action#android.intent.action.VIEW
ADDED from src/main/AndroidManifest.xml:68:17-69
	android:name
		ADDED from src/main/AndroidManifest.xml:68:25-66
category#android.intent.category.DEFAULT
ADDED from src/main/AndroidManifest.xml:70:17-76
	android:name
		ADDED from src/main/AndroidManifest.xml:70:27-73
category#android.intent.category.BROWSABLE
ADDED from src/main/AndroidManifest.xml:71:17-78
	android:name
		ADDED from src/main/AndroidManifest.xml:71:27-75
data
ADDED from src/main/AndroidManifest.xml:73:17-75:45
	android:host
		ADDED from src/main/AndroidManifest.xml:74:21-48
	android:scheme
		ADDED from src/main/AndroidManifest.xml:75:21-42
activity#com.cloudkibo.webrtc.call.VideoCallView
ADDED from src/main/AndroidManifest.xml:78:9-83:20
	android:screenOrientation
		ADDED from src/main/AndroidManifest.xml:81:13-49
	android:configChanges
		ADDED from src/main/AndroidManifest.xml:80:13-59
	android:theme
		ADDED from src/main/AndroidManifest.xml:82:13-77
	android:name
		ADDED from src/main/AndroidManifest.xml:79:13-54
activity#com.cloudkibo.webrtc.conference.VideoCallView
ADDED from src/main/AndroidManifest.xml:84:9-89:20
	android:screenOrientation
		ADDED from src/main/AndroidManifest.xml:87:13-49
	android:configChanges
		ADDED from src/main/AndroidManifest.xml:86:13-59
	android:theme
		ADDED from src/main/AndroidManifest.xml:88:13-77
	android:name
		ADDED from src/main/AndroidManifest.xml:85:13-60
activity#com.facebook.FacebookActivity
ADDED from src/main/AndroidManifest.xml:90:9-94:75
	android:label
		ADDED from src/main/AndroidManifest.xml:93:13-45
	android:configChanges
		ADDED from src/main/AndroidManifest.xml:92:13-96
	android:theme
		ADDED from src/main/AndroidManifest.xml:94:13-72
	android:name
		ADDED from src/main/AndroidManifest.xml:91:13-57
activity#com.cloudkibo.library.Login
ADDED from src/main/AndroidManifest.xml:95:9-100:20
	android:windowSoftInputMode
		ADDED from src/main/AndroidManifest.xml:99:13-54
	android:screenOrientation
		ADDED from src/main/AndroidManifest.xml:97:13-49
	android:theme
		ADDED from src/main/AndroidManifest.xml:98:13-77
	android:name
		ADDED from src/main/AndroidManifest.xml:96:13-42
activity#com.cloudkibo.library.Register
ADDED from src/main/AndroidManifest.xml:101:9-106:20
	android:windowSoftInputMode
		ADDED from src/main/AndroidManifest.xml:105:13-54
	android:screenOrientation
		ADDED from src/main/AndroidManifest.xml:103:13-49
	android:theme
		ADDED from src/main/AndroidManifest.xml:104:13-77
	android:name
		ADDED from src/main/AndroidManifest.xml:102:13-45
activity#com.cloudkibo.library.ForgotPassword
ADDED from src/main/AndroidManifest.xml:107:9-112:20
	android:windowSoftInputMode
		ADDED from src/main/AndroidManifest.xml:111:13-54
	android:screenOrientation
		ADDED from src/main/AndroidManifest.xml:109:13-49
	android:theme
		ADDED from src/main/AndroidManifest.xml:110:13-77
	android:name
		ADDED from src/main/AndroidManifest.xml:108:13-51
activity#com.cloudkibo.MainActivity
ADDED from src/main/AndroidManifest.xml:113:9-119:20
	android:windowSoftInputMode
		ADDED from src/main/AndroidManifest.xml:118:13-67
	android:screenOrientation
		ADDED from src/main/AndroidManifest.xml:117:13-49
	android:label
		ADDED from src/main/AndroidManifest.xml:115:13-45
	android:name
		ADDED from src/main/AndroidManifest.xml:114:13-41
	android:launchMode
		ADDED from src/main/AndroidManifest.xml:116:13-44
activity#com.cloudkibo.webrtc.filesharing.FileConnection
ADDED from src/main/AndroidManifest.xml:120:9-125:20
	android:windowSoftInputMode
		ADDED from src/main/AndroidManifest.xml:124:13-54
	android:screenOrientation
		ADDED from src/main/AndroidManifest.xml:122:13-49
	android:theme
		ADDED from src/main/AndroidManifest.xml:123:13-77
	android:name
		ADDED from src/main/AndroidManifest.xml:121:13-62
activity#com.cloudkibo.webrtc.conference.GroupChat
ADDED from src/main/AndroidManifest.xml:126:9-131:20
	android:windowSoftInputMode
		ADDED from src/main/AndroidManifest.xml:130:13-54
	android:screenOrientation
		ADDED from src/main/AndroidManifest.xml:128:13-49
	android:theme
		ADDED from src/main/AndroidManifest.xml:129:13-77
	android:name
		ADDED from src/main/AndroidManifest.xml:127:13-56
activity#com.cloudkibo.webrtc.call.IncomingCall
ADDED from src/main/AndroidManifest.xml:132:9-137:20
	android:windowSoftInputMode
		ADDED from src/main/AndroidManifest.xml:136:13-54
	android:screenOrientation
		ADDED from src/main/AndroidManifest.xml:134:13-49
	android:theme
		ADDED from src/main/AndroidManifest.xml:135:13-77
	android:name
		ADDED from src/main/AndroidManifest.xml:133:13-53
activity#com.cloudkibo.webrtc.call.OutgoingCall
ADDED from src/main/AndroidManifest.xml:138:9-143:20
	android:windowSoftInputMode
		ADDED from src/main/AndroidManifest.xml:142:13-54
	android:screenOrientation
		ADDED from src/main/AndroidManifest.xml:140:13-49
	android:theme
		ADDED from src/main/AndroidManifest.xml:141:13-77
	android:name
		ADDED from src/main/AndroidManifest.xml:139:13-53
activity#com.cloudkibo.NewChat
ADDED from src/main/AndroidManifest.xml:144:9-150:20
	android:windowSoftInputMode
		ADDED from src/main/AndroidManifest.xml:149:13-67
	android:screenOrientation
		ADDED from src/main/AndroidManifest.xml:148:13-49
	android:label
		ADDED from src/main/AndroidManifest.xml:146:13-45
	android:name
		ADDED from src/main/AndroidManifest.xml:145:13-36
	android:launchMode
		ADDED from src/main/AndroidManifest.xml:147:13-44
activity#com.cloudkibo.ui.Invite_Friends
ADDED from src/main/AndroidManifest.xml:151:9-154:20
	android:label
		ADDED from src/main/AndroidManifest.xml:153:13-45
	android:name
		ADDED from src/main/AndroidManifest.xml:152:13-46
activity#com.cloudkibo.ui.ResultActivity
ADDED from src/main/AndroidManifest.xml:155:9-158:20
	android:label
		ADDED from src/main/AndroidManifest.xml:157:13-45
	android:name
		ADDED from src/main/AndroidManifest.xml:156:13-46
activity#com.cloudkibo.file.filechooser.FileChooserActivity
ADDED from src/main/AndroidManifest.xml:159:9-173:20
	android:label
		ADDED from src/main/AndroidManifest.xml:164:13-48
	android:icon
		ADDED from src/main/AndroidManifest.xml:163:13-48
	android:exported
		ADDED from src/main/AndroidManifest.xml:162:13-36
	android:enabled
		ADDED from src/main/AndroidManifest.xml:161:13-49
	android:name
		ADDED from src/main/AndroidManifest.xml:160:13-65
intent-filter#android.intent.action.GET_CONTENT+android.intent.category.DEFAULT+android.intent.category.OPENABLE
ADDED from src/main/AndroidManifest.xml:165:13-172:29
action#android.intent.action.GET_CONTENT
ADDED from src/main/AndroidManifest.xml:166:17-76
	android:name
		ADDED from src/main/AndroidManifest.xml:166:25-73
category#android.intent.category.OPENABLE
ADDED from src/main/AndroidManifest.xml:169:17-77
	android:name
		ADDED from src/main/AndroidManifest.xml:169:27-74
provider#com.cloudkibo.file.localstorage.LocalStorageProvider
ADDED from src/main/AndroidManifest.xml:175:9-185:20
	android:grantUriPermissions
		ADDED from src/main/AndroidManifest.xml:180:13-47
	android:exported
		ADDED from src/main/AndroidManifest.xml:179:13-36
	android:authorities
		ADDED from src/main/AndroidManifest.xml:177:13-76
	android:enabled
		ADDED from src/main/AndroidManifest.xml:178:13-49
	android:permission
		ADDED from src/main/AndroidManifest.xml:181:13-69
	android:name
		ADDED from src/main/AndroidManifest.xml:176:13-67
intent-filter#android.content.action.DOCUMENTS_PROVIDER
ADDED from src/main/AndroidManifest.xml:182:13-184:29
action#android.content.action.DOCUMENTS_PROVIDER
ADDED from src/main/AndroidManifest.xml:183:17-84
	android:name
		ADDED from src/main/AndroidManifest.xml:183:25-81
provider#com.cloudkibo.database.CloudKiboContentProvider
ADDED from src/main/AndroidManifest.xml:186:9-192:20
	android:label
		ADDED from src/main/AndroidManifest.xml:190:13-53
	android:multiprocess
		ADDED from src/main/AndroidManifest.xml:191:13-40
	android:exported
		ADDED from src/main/AndroidManifest.xml:189:13-36
	android:authorities
		ADDED from src/main/AndroidManifest.xml:188:13-82
	android:name
		ADDED from src/main/AndroidManifest.xml:187:13-62
service#com.cloudkibo.library.KiboAuthenticatorService
ADDED from src/main/AndroidManifest.xml:194:9-202:19
	android:name
		ADDED from src/main/AndroidManifest.xml:194:18-66
intent-filter#android.accounts.AccountAuthenticator
ADDED from src/main/AndroidManifest.xml:195:13-197:29
action#android.accounts.AccountAuthenticator
ADDED from src/main/AndroidManifest.xml:196:17-80
	android:name
		ADDED from src/main/AndroidManifest.xml:196:25-77
meta-data#android.accounts.AccountAuthenticator
ADDED from src/main/AndroidManifest.xml:199:13-201:57
	android:resource
		ADDED from src/main/AndroidManifest.xml:201:17-54
	android:name
		ADDED from src/main/AndroidManifest.xml:200:17-69
service#com.cloudkibo.database.SyncAdapterService
ADDED from src/main/AndroidManifest.xml:203:9-213:19
	android:exported
		ADDED from src/main/AndroidManifest.xml:205:13-36
	android:name
		ADDED from src/main/AndroidManifest.xml:204:13-56
intent-filter#android.content.SyncAdapter
ADDED from src/main/AndroidManifest.xml:206:13-208:29
action#android.content.SyncAdapter
ADDED from src/main/AndroidManifest.xml:207:17-70
	android:name
		ADDED from src/main/AndroidManifest.xml:207:25-67
meta-data#android.content.SyncAdapter
ADDED from src/main/AndroidManifest.xml:210:13-212:56
	android:resource
		ADDED from src/main/AndroidManifest.xml:212:17-53
	android:name
		ADDED from src/main/AndroidManifest.xml:211:17-59
service#com.cloudkibo.socket.SocketService
ADDED from src/main/AndroidManifest.xml:214:9-216:40
	android:exported
		ADDED from src/main/AndroidManifest.xml:216:13-37
	android:name
		ADDED from src/main/AndroidManifest.xml:215:13-49
service#com.cloudkibo.webrtc.conference.FileTransferService
ADDED from src/main/AndroidManifest.xml:217:9-221:19
	android:exported
		ADDED from src/main/AndroidManifest.xml:220:13-36
	android:enabled
		ADDED from src/main/AndroidManifest.xml:219:13-35
	android:name
		ADDED from src/main/AndroidManifest.xml:218:13-66
meta-data#com.google.android.gms.version
ADDED from [com.google.android.gms:play-services:6.5.87] AndroidManifest.xml:21:9-23:69
	android:name
		ADDED from [com.google.android.gms:play-services:6.5.87] AndroidManifest.xml:22:13-58
	android:value
		ADDED from [com.google.android.gms:play-services:6.5.87] AndroidManifest.xml:23:13-66